#
# There is insufficient memory for the Java Runtime Environment to continue.
# Native memory allocation (malloc) failed to allocate 516672 bytes for Chunk::new
# Possible reasons:
#   The system is out of physical RAM or swap space
#   In 32 bit mode, the process size limit was hit
# Possible solutions:
#   Reduce memory load on the system
#   Increase physical memory or swap space
#   Check if swap backing store is full
#   Use 64 bit Java on a 64 bit OS
#   Decrease Java heap size (-Xmx/-Xms)
#   Decrease number of Java threads
#   Decrease Java thread stack sizes (-Xss)
#   Set larger code cache with -XX:ReservedCodeCacheSize=
# This output file may be truncated or incomplete.
#
#  Out of Memory Error (allocation.cpp:390), pid=10500, tid=0x0000000000003e5c
#
# JRE version: OpenJDK Runtime Environment (8.0_152-b01) (build 1.8.0_152-release-1343-b01)
# Java VM: OpenJDK 64-Bit Server VM (25.152-b01 mixed mode windows-amd64 compressed oops)
# Failed to write core dump. Minidumps are not enabled by default on client versions of Windows
#

---------------  T H R E A D  ---------------

Current thread (0x0000000016511800):  JavaThread "C2 CompilerThread0" daemon [_thread_in_native, id=15964, stack(0x0000000016be0000,0x0000000016ce0000)]

Stack: [0x0000000016be0000,0x0000000016ce0000]
[error occurred during error reporting (printing stack bounds), id 0xc0000005]

Native frames: (J=compiled Java code, j=interpreted, Vv=VM code, C=native code)


Current CompileTask:
C2:  28970 3265       4       org.robolectric.res.Fs$JarFs$JarFsFile::listFiles (266 bytes)


---------------  P R O C E S S  ---------------

Java Threads: ( => current thread )
  0x00000000165c2800 JavaThread "Service Thread" daemon [_thread_blocked, id=2856, stack(0x0000000016ee0000,0x0000000016fe0000)]
  0x0000000016540800 JavaThread "C1 CompilerThread2" daemon [_thread_blocked, id=14024, stack(0x0000000016de0000,0x0000000016ee0000)]
  0x0000000016514800 JavaThread "C2 CompilerThread1" daemon [_thread_blocked, id=5180, stack(0x0000000016ce0000,0x0000000016de0000)]
=>0x0000000016511800 JavaThread "C2 CompilerThread0" daemon [_thread_in_native, id=15964, stack(0x0000000016be0000,0x0000000016ce0000)]
  0x0000000016510000 JavaThread "Monitor Ctrl-Break" daemon [_thread_in_native, id=19448, stack(0x0000000016ae0000,0x0000000016be0000)]
  0x00000000151ce800 JavaThread "Attach Listener" daemon [_thread_blocked, id=14112, stack(0x00000000169e0000,0x0000000016ae0000)]
  0x0000000015183000 JavaThread "Signal Dispatcher" daemon [_thread_blocked, id=7252, stack(0x00000000168e0000,0x00000000169e0000)]
  0x000000001515f000 JavaThread "Finalizer" daemon [_thread_blocked, id=12712, stack(0x00000000163e0000,0x00000000164e0000)]
  0x0000000015138800 JavaThread "Reference Handler" daemon [_thread_blocked, id=17140, stack(0x00000000162e0000,0x00000000163e0000)]
  0x0000000002a27000 JavaThread "main" [_thread_in_Java, id=3548, stack(0x00000000026d0000,0x00000000027d0000)]

Other Threads:
  0x0000000015136800 VMThread [stack: 0x00000000161e0000,0x00000000162e0000] [id=2236]
  0x00000000165c6000 WatcherThread [stack: 0x0000000016fe0000,0x00000000170e0000] [id=12816]

VM state:not at safepoint (normal execution)

VM Mutex/Monitor currently owned by a thread: None

Heap:
 PSYoungGen      total 201216K, used 162183K [0x00000000eaf80000, 0x00000000f9a80000, 0x0000000100000000)
  eden space 187904K, 79% used [0x00000000eaf80000,0x00000000f4111f68,0x00000000f6700000)
  from space 13312K, 98% used [0x00000000f8d80000,0x00000000f9a50000,0x00000000f9a80000)
  to   space 18432K, 0% used [0x00000000f7680000,0x00000000f7680000,0x00000000f8880000)
 ParOldGen       total 69632K, used 35635K [0x00000000c0e00000, 0x00000000c5200000, 0x00000000eaf80000)
  object space 69632K, 51% used [0x00000000c0e00000,0x00000000c30ccef0,0x00000000c5200000)
 Metaspace       used 19282K, capacity 20200K, committed 20480K, reserved 1067008K
  class space    used 1959K, capacity 2294K, committed 2304K, reserved 1048576K

Card table byte_map: [0x0000000011ee0000,0x00000000120e0000] byte_map_base: 0x00000000118d9000

Marking Bits: (ParMarkBitMap*) 0x0000000072635aa0
 Begin Bits: [0x0000000012640000, 0x0000000013608000)
 End Bits:   [0x0000000013608000, 0x00000000145d0000)

Polling page: 0x0000000002340000

CodeCache: size=245760Kb used=10458Kb max_used=11666Kb free=235301Kb
 bounds [0x0000000002b20000, 0x00000000036b0000, 0x0000000011b20000]
 total_blobs=3238 nmethods=2819 adapters=332
 compilation: enabled

Compilation events (10 events):
Event: 28.618 Thread 0x0000000016514800 nmethod 3290 0x0000000002ce6bd0 code [0x0000000002ce6d40, 0x0000000002ce72f8]
Event: 28.618 Thread 0x0000000016514800 3291       4       java.util.regex.Pattern::escape (1151 bytes)
Event: 28.655 Thread 0x0000000016514800 nmethod 3291 0x0000000002e551d0 code [0x0000000002e557e0, 0x0000000002e56660]
Event: 28.666 Thread 0x0000000016514800 3292       4       org.robolectric.res.Fs$JarFs$JarFsFile::getPath (35 bytes)
Event: 28.677 Thread 0x0000000016514800 nmethod 3292 0x0000000002c6a450 code [0x0000000002c6a5a0, 0x0000000002c6a878]
Event: 28.689 Thread 0x0000000016514800 3293       4       java.util.regex.Pattern$BnM::match (161 bytes)
Event: 28.711 Thread 0x0000000016514800 nmethod 3293 0x0000000003289ed0 code [0x000000000328a040, 0x000000000328a6f8]
Event: 28.711 Thread 0x0000000016514800 3294       4       org.robolectric.res.FileTypedResource$Image::<init> (15 bytes)
Event: 28.732 Thread 0x0000000016514800 nmethod 3294 0x0000000002fb5690 code [0x0000000002fb5800, 0x0000000002fb5b78]
Event: 28.922 Thread 0x0000000016514800 3295       4       org.robolectric.res.Fs$JarFs$JarFsFile::getBaseName (27 bytes)

GC Heap History (10 events):
Event: 20.444 GC heap before
{Heap before GC invocations=7 (full 0):
 PSYoungGen      total 72192K, used 70153K [0x00000000eaf80000, 0x00000000efd80000, 0x0000000100000000)
  eden space 65536K, 100% used [0x00000000eaf80000,0x00000000eef80000,0x00000000eef80000)
  from space 6656K, 69% used [0x00000000ef700000,0x00000000efb826b8,0x00000000efd80000)
  to   space 7168K, 0% used [0x00000000eef80000,0x00000000eef80000,0x00000000ef680000)
 ParOldGen       total 44032K, used 10314K [0x00000000c0e00000, 0x00000000c3900000, 0x00000000eaf80000)
  object space 44032K, 23% used [0x00000000c0e00000,0x00000000c1812ac8,0x00000000c3900000)
 Metaspace       used 15993K, capacity 16666K, committed 16896K, reserved 1064960K
  class space    used 1731K, capacity 1999K, committed 2048K, reserved 1048576K
Event: 20.466 GC heap after
Heap after GC invocations=7 (full 0):
 PSYoungGen      total 72704K, used 5809K [0x00000000eaf80000, 0x00000000f3e80000, 0x0000000100000000)
  eden space 65536K, 0% used [0x00000000eaf80000,0x00000000eaf80000,0x00000000eef80000)
  from space 7168K, 81% used [0x00000000eef80000,0x00000000ef52c780,0x00000000ef680000)
  to   space 7680K, 0% used [0x00000000f3700000,0x00000000f3700000,0x00000000f3e80000)
 ParOldGen       total 44032K, used 10710K [0x00000000c0e00000, 0x00000000c3900000, 0x00000000eaf80000)
  object space 44032K, 24% used [0x00000000c0e00000,0x00000000c1875ad8,0x00000000c3900000)
 Metaspace       used 15993K, capacity 16666K, committed 16896K, reserved 1064960K
  class space    used 1731K, capacity 1999K, committed 2048K, reserved 1048576K
}
Event: 21.033 GC heap before
{Heap before GC invocations=8 (full 0):
 PSYoungGen      total 72704K, used 71345K [0x00000000eaf80000, 0x00000000f3e80000, 0x0000000100000000)
  eden space 65536K, 100% used [0x00000000eaf80000,0x00000000eef80000,0x00000000eef80000)
  from space 7168K, 81% used [0x00000000eef80000,0x00000000ef52c780,0x00000000ef680000)
  to   space 7680K, 0% used [0x00000000f3700000,0x00000000f3700000,0x00000000f3e80000)
 ParOldGen       total 44032K, used 10710K [0x00000000c0e00000, 0x00000000c3900000, 0x00000000eaf80000)
  object space 44032K, 24% used [0x00000000c0e00000,0x00000000c1875ad8,0x00000000c3900000)
 Metaspace       used 17477K, capacity 18302K, committed 18560K, reserved 1064960K
  class space    used 1843K, capacity 2153K, committed 2176K, reserved 1048576K
Event: 21.067 GC heap after
Heap after GC invocations=8 (full 0):
 PSYoungGen      total 137728K, used 4482K [0x00000000eaf80000, 0x00000000f3d80000, 0x0000000100000000)
  eden space 131072K, 0% used [0x00000000eaf80000,0x00000000eaf80000,0x00000000f2f80000)
  from space 6656K, 67% used [0x00000000f3700000,0x00000000f3b60b48,0x00000000f3d80000)
  to   space 7168K, 0% used [0x00000000f2f80000,0x00000000f2f80000,0x00000000f3680000)
 ParOldGen       total 44032K, used 12034K [0x00000000c0e00000, 0x00000000c3900000, 0x00000000eaf80000)
  object space 44032K, 27% used [0x00000000c0e00000,0x00000000c19c0b30,0x00000000c3900000)
 Metaspace       used 17477K, capacity 18302K, committed 18560K, reserved 1064960K
  class space    used 1843K, capacity 2153K, committed 2176K, reserved 1048576K
}
Event: 23.459 GC heap before
{Heap before GC invocations=9 (full 0):
 PSYoungGen      total 137728K, used 135554K [0x00000000eaf80000, 0x00000000f3d80000, 0x0000000100000000)
  eden space 131072K, 100% used [0x00000000eaf80000,0x00000000f2f80000,0x00000000f2f80000)
  from space 6656K, 67% used [0x00000000f3700000,0x00000000f3b60b48,0x00000000f3d80000)
  to   space 7168K, 0% used [0x00000000f2f80000,0x00000000f2f80000,0x00000000f3680000)
 ParOldGen       total 44032K, used 12034K [0x00000000c0e00000, 0x00000000c3900000, 0x00000000eaf80000)
  object space 44032K, 27% used [0x00000000c0e00000,0x00000000c19c0b30,0x00000000c3900000)
 Metaspace       used 19076K, capacity 19938K, committed 20224K, reserved 1067008K
  class space    used 1953K, capacity 2293K, committed 2304K, reserved 1048576K
Event: 23.568 GC heap after
Heap after GC invocations=9 (full 0):
 PSYoungGen      total 138240K, used 7168K [0x00000000eaf80000, 0x00000000f9e80000, 0x0000000100000000)
  eden space 131072K, 0% used [0x00000000eaf80000,0x00000000eaf80000,0x00000000f2f80000)
  from space 7168K, 100% used [0x00000000f2f80000,0x00000000f3680000,0x00000000f3680000)
  to   space 17408K, 0% used [0x00000000f8d80000,0x00000000f8d80000,0x00000000f9e80000)
 ParOldGen       total 44032K, used 35192K [0x00000000c0e00000, 0x00000000c3900000, 0x00000000eaf80000)
  object space 44032K, 79% used [0x00000000c0e00000,0x00000000c305e1e8,0x00000000c3900000)
 Metaspace       used 19076K, capacity 19938K, committed 20224K, reserved 1067008K
  class space    used 1953K, capacity 2293K, committed 2304K, reserved 1048576K
}
Event: 23.568 GC heap before
{Heap before GC invocations=10 (full 1):
 PSYoungGen      total 138240K, used 7168K [0x00000000eaf80000, 0x00000000f9e80000, 0x0000000100000000)
  eden space 131072K, 0% used [0x00000000eaf80000,0x00000000eaf80000,0x00000000f2f80000)
  from space 7168K, 100% used [0x00000000f2f80000,0x00000000f3680000,0x00000000f3680000)
  to   space 17408K, 0% used [0x00000000f8d80000,0x00000000f8d80000,0x00000000f9e80000)
 ParOldGen       total 44032K, used 35192K [0x00000000c0e00000, 0x00000000c3900000, 0x00000000eaf80000)
  object space 44032K, 79% used [0x00000000c0e00000,0x00000000c305e1e8,0x00000000c3900000)
 Metaspace       used 19076K, capacity 19938K, committed 20224K, reserved 1067008K
  class space    used 1953K, capacity 2293K, committed 2304K, reserved 1048576K
Event: 23.815 GC heap after
Heap after GC invocations=10 (full 1):
 PSYoungGen      total 138240K, used 0K [0x00000000eaf80000, 0x00000000f9e80000, 0x0000000100000000)
  eden space 131072K, 0% used [0x00000000eaf80000,0x00000000eaf80000,0x00000000f2f80000)
  from space 7168K, 0% used [0x00000000f2f80000,0x00000000f2f80000,0x00000000f3680000)
  to   space 17408K, 0% used [0x00000000f8d80000,0x00000000f8d80000,0x00000000f9e80000)
 ParOldGen       total 69632K, used 35627K [0x00000000c0e00000, 0x00000000c5200000, 0x00000000eaf80000)
  object space 69632K, 51% used [0x00000000c0e00000,0x00000000c30caef0,0x00000000c5200000)
 Metaspace       used 19076K, capacity 19938K, committed 20224K, reserved 1067008K
  class space    used 1953K, capacity 2293K, committed 2304K, reserved 1048576K
}
Event: 27.220 GC heap before
{Heap before GC invocations=11 (full 1):
 PSYoungGen      total 138240K, used 131072K [0x00000000eaf80000, 0x00000000f9e80000, 0x0000000100000000)
  eden space 131072K, 100% used [0x00000000eaf80000,0x00000000f2f80000,0x00000000f2f80000)
  from space 7168K, 0% used [0x00000000f2f80000,0x00000000f2f80000,0x00000000f3680000)
  to   space 17408K, 0% used [0x00000000f8d80000,0x00000000f8d80000,0x00000000f9e80000)
 ParOldGen       total 69632K, used 35627K [0x00000000c0e00000, 0x00000000c5200000, 0x00000000eaf80000)
  object space 69632K, 51% used [0x00000000c0e00000,0x00000000c30caef0,0x00000000c5200000)
 Metaspace       used 19242K, capacity 20066K, committed 20224K, reserved 1067008K
  class space    used 1954K, capacity 2293K, committed 2304K, reserved 1048576K
Event: 27.278 GC heap after
Heap after GC invocations=11 (full 1):
 PSYoungGen      total 201216K, used 13120K [0x00000000eaf80000, 0x00000000f9a80000, 0x0000000100000000)
  eden space 187904K, 0% used [0x00000000eaf80000,0x00000000eaf80000,0x00000000f6700000)
  from space 13312K, 98% used [0x00000000f8d80000,0x00000000f9a50000,0x00000000f9a80000)
  to   space 18432K, 0% used [0x00000000f7680000,0x00000000f7680000,0x00000000f8880000)
 ParOldGen       total 69632K, used 35635K [0x00000000c0e00000, 0x00000000c5200000, 0x00000000eaf80000)
  object space 69632K, 51% used [0x00000000c0e00000,0x00000000c30ccef0,0x00000000c5200000)
 Metaspace       used 19242K, capacity 20066K, committed 20224K, reserved 1067008K
  class space    used 1954K, capacity 2293K, committed 2304K, reserved 1048576K
}

Deoptimization events (10 events):
Event: 28.207 Thread 0x0000000002a27000 Uncommon trap: reason=unstable_if action=reinterpret pc=0x00000000035969ec method=java.lang.String.trim()Ljava/lang/String; @ 63
Event: 28.208 Thread 0x0000000002a27000 Uncommon trap: reason=unstable_if action=reinterpret pc=0x0000000002c8a564 method=java.lang.String.trim()Ljava/lang/String; @ 63
Event: 28.289 Thread 0x0000000002a27000 Uncommon trap: reason=unstable_if action=reinterpret pc=0x0000000002c77124 method=com.sun.org.apache.xerces.internal.xni.XMLString.toString()Ljava/lang/String; @ 4
Event: 28.325 Thread 0x0000000002a27000 Uncommon trap: reason=unstable_if action=reinterpret pc=0x0000000002ec3dd0 method=com.sun.org.apache.xerces.internal.xni.XMLString.toString()Ljava/lang/String; @ 4
Event: 28.538 Thread 0x0000000002a27000 Uncommon trap: reason=unstable_if action=reinterpret pc=0x0000000002c8eb28 method=java.util.Objects.equals(Ljava/lang/Object;Ljava/lang/Object;)Z @ 2
Event: 28.565 Thread 0x0000000002a27000 Uncommon trap: reason=bimorphic action=maybe_recompile pc=0x0000000002d05f8c method=java.util.regex.Matcher.search(I)Z @ 86
Event: 28.565 Thread 0x0000000002a27000 Uncommon trap: reason=bimorphic action=maybe_recompile pc=0x0000000002d05f8c method=java.util.regex.Matcher.search(I)Z @ 86
Event: 28.565 Thread 0x0000000002a27000 Uncommon trap: reason=bimorphic action=maybe_recompile pc=0x0000000002d05f8c method=java.util.regex.Matcher.search(I)Z @ 86
Event: 28.565 Thread 0x0000000002a27000 Uncommon trap: reason=bimorphic action=maybe_recompile pc=0x0000000002d05f8c method=java.util.regex.Matcher.search(I)Z @ 86
Event: 28.565 Thread 0x0000000002a27000 Uncommon trap: reason=bimorphic action=maybe_recompile pc=0x0000000003401aa0 method=java.util.regex.Matcher.search(I)Z @ 86

Classes redefined (0 events):
No events

Internal exceptions (10 events):
Event: 16.463 Thread 0x0000000002a27000 Implicit null exception at 0x0000000002e6c405 to 0x0000000002e6c49d
Event: 16.634 Thread 0x0000000002a27000 Implicit null exception at 0x0000000002e66050 to 0x0000000002e660d1
Event: 16.641 Thread 0x0000000002a27000 Implicit null exception at 0x0000000002e5d9f0 to 0x0000000002e5da5d
Event: 21.444 Thread 0x0000000002a27000 Implicit null exception at 0x0000000003387c7e to 0x000000000338860d
Event: 22.344 Thread 0x0000000002a27000 Exception <a 'java/security/PrivilegedActionException'> (0x00000000ee798e80) thrown at [D:\src\AOSP-openjdk-cygwin\jdk8u\hotspot\src\share\vm\prims\jvm.cpp, line 1390]
Event: 22.344 Thread 0x0000000002a27000 Exception <a 'java/security/PrivilegedActionException'> (0x00000000ee799278) thrown at [D:\src\AOSP-openjdk-cygwin\jdk8u\hotspot\src\share\vm\prims\jvm.cpp, line 1390]
Event: 22.344 Thread 0x0000000002a27000 Exception <a 'java/security/PrivilegedActionException'> (0x00000000ee79a750) thrown at [D:\src\AOSP-openjdk-cygwin\jdk8u\hotspot\src\share\vm\prims\jvm.cpp, line 1390]
Event: 22.344 Thread 0x0000000002a27000 Exception <a 'java/security/PrivilegedActionException'> (0x00000000ee79ab48) thrown at [D:\src\AOSP-openjdk-cygwin\jdk8u\hotspot\src\share\vm\prims\jvm.cpp, line 1390]
Event: 24.780 Thread 0x0000000002a27000 Implicit null exception at 0x000000000355edec to 0x000000000356131f
Event: 24.780 Thread 0x0000000002a27000 Implicit null exception at 0x0000000003544f25 to 0x000000000354527d

Events (10 events):
Event: 28.565 Thread 0x0000000002a27000 DEOPT PACKING pc=0x0000000002d05f8c sp=0x00000000027ce210
Event: 28.565 Thread 0x0000000002a27000 DEOPT UNPACKING pc=0x0000000002b6557b sp=0x00000000027ce168 mode 2
Event: 28.565 Thread 0x0000000002a27000 Uncommon trap: trap_request=0xffffffc6 fr.pc=0x0000000002d05f8c
Event: 28.565 Thread 0x0000000002a27000 DEOPT PACKING pc=0x0000000002d05f8c sp=0x00000000027ce210
Event: 28.565 Thread 0x0000000002a27000 DEOPT UNPACKING pc=0x0000000002b6557b sp=0x00000000027ce168 mode 2
Event: 28.565 Thread 0x0000000002a27000 Uncommon trap: trap_request=0xffffffc6 fr.pc=0x0000000003401aa0
Event: 28.565 Thread 0x0000000002a27000 DEOPT PACKING pc=0x0000000003401aa0 sp=0x00000000027ce1a0
Event: 28.565 Thread 0x0000000002a27000 DEOPT UNPACKING pc=0x0000000002b6557b sp=0x00000000027ce168 mode 2
Event: 28.763 loading class org/robolectric/res/RawResourceLoader
Event: 28.763 loading class org/robolectric/res/RawResourceLoader done


Dynamic libraries:
0x00007ff6196e0000 - 0x00007ff619711000 	D:\android\android-studio\jre\bin\java.exe
0x00007ffd709e0000 - 0x00007ffd70bc1000 	C:\Windows\SYSTEM32\ntdll.dll
0x00007ffd6fbe0000 - 0x00007ffd6fc91000 	C:\Windows\System32\KERNEL32.DLL
0x00007ffd6d9e0000 - 0x00007ffd6dc53000 	C:\Windows\System32\KERNELBASE.dll
0x00007ffd6fcb0000 - 0x00007ffd6fd51000 	C:\Windows\System32\ADVAPI32.dll
0x00007ffd6e390000 - 0x00007ffd6e42e000 	C:\Windows\System32\msvcrt.dll
0x00007ffd70790000 - 0x00007ffd707eb000 	C:\Windows\System32\sechost.dll
0x00007ffd702d0000 - 0x00007ffd703f4000 	C:\Windows\System32\RPCRT4.dll
0x00007ffd6fa50000 - 0x00007ffd6fbe0000 	C:\Windows\System32\USER32.dll
0x00007ffd6de00000 - 0x00007ffd6de20000 	C:\Windows\System32\win32u.dll
0x00007ffd6e300000 - 0x00007ffd6e328000 	C:\Windows\System32\GDI32.dll
0x00007ffd6dc60000 - 0x00007ffd6ddf2000 	C:\Windows\System32\gdi32full.dll
0x00007ffd6d7b0000 - 0x00007ffd6d84f000 	C:\Windows\System32\msvcp_win.dll
0x00007ffd6cdb0000 - 0x00007ffd6cea8000 	C:\Windows\System32\ucrtbase.dll
0x00007ffd5eec0000 - 0x00007ffd5f129000 	C:\Windows\WinSxS\amd64_microsoft.windows.common-controls_6595b64144ccf1df_6.0.17134.706_none_fb43a2cb30647007\COMCTL32.dll
0x00007ffd70400000 - 0x00007ffd70722000 	C:\Windows\System32\combase.dll
0x00007ffd6d960000 - 0x00007ffd6d9da000 	C:\Windows\System32\bcryptPrimitives.dll
0x00007ffd6e5d0000 - 0x00007ffd6e5fd000 	C:\Windows\System32\IMM32.DLL
0x0000000071cb0000 - 0x0000000071d82000 	D:\android\android-studio\jre\jre\bin\msvcr100.dll
0x0000000071e70000 - 0x00000000726b1000 	D:\android\android-studio\jre\jre\bin\server\jvm.dll
0x00007ffd6fca0000 - 0x00007ffd6fca8000 	C:\Windows\System32\PSAPI.DLL
0x00007ffd65a80000 - 0x00007ffd65a89000 	C:\Windows\SYSTEM32\WSOCK32.dll
0x00007ffd70850000 - 0x00007ffd708bc000 	C:\Windows\System32\WS2_32.dll
0x00007ffd6aa70000 - 0x00007ffd6aa93000 	C:\Windows\SYSTEM32\WINMM.dll
0x00007ffd5b5b0000 - 0x00007ffd5b5ba000 	C:\Windows\SYSTEM32\VERSION.dll
0x00007ffd6aa40000 - 0x00007ffd6aa6a000 	C:\Windows\SYSTEM32\WINMMBASE.dll
0x00007ffd6de20000 - 0x00007ffd6de69000 	C:\Windows\System32\cfgmgr32.dll
0x00007ffd656d0000 - 0x00007ffd656df000 	D:\android\android-studio\jre\jre\bin\verify.dll
0x00007ffd647c0000 - 0x00007ffd647e9000 	D:\android\android-studio\jre\jre\bin\java.dll
0x00007ffd647f0000 - 0x00007ffd64813000 	D:\android\android-studio\jre\jre\bin\instrument.dll
0x00007ffd63f60000 - 0x00007ffd63f76000 	D:\android\android-studio\jre\jre\bin\zip.dll
0x00007ffd6e610000 - 0x00007ffd6fa50000 	C:\Windows\System32\SHELL32.dll
0x00007ffd6e010000 - 0x00007ffd6e0b9000 	C:\Windows\System32\shcore.dll
0x00007ffd6ceb0000 - 0x00007ffd6d5bd000 	C:\Windows\System32\windows.storage.dll
0x00007ffd6e330000 - 0x00007ffd6e381000 	C:\Windows\System32\shlwapi.dll
0x00007ffd6cd70000 - 0x00007ffd6cd81000 	C:\Windows\System32\kernel.appcore.dll
0x00007ffd6ccf0000 - 0x00007ffd6cd0f000 	C:\Windows\System32\profapi.dll
0x00007ffd6cd20000 - 0x00007ffd6cd6c000 	C:\Windows\System32\powrprof.dll
0x00007ffd6cd10000 - 0x00007ffd6cd1a000 	C:\Windows\System32\FLTLIB.DLL
0x00007ffd65b00000 - 0x00007ffd65b1a000 	D:\android\android-studio\bin\breakgen64.dll
0x00007ffd5e320000 - 0x00007ffd5e33a000 	D:\android\android-studio\jre\jre\bin\net.dll
0x00007ffd6c510000 - 0x00007ffd6c576000 	C:\Windows\system32\mswsock.dll
0x00007ffd6c6c0000 - 0x00007ffd6c6d7000 	C:\Windows\SYSTEM32\CRYPTSP.dll
0x00007ffd6c0f0000 - 0x00007ffd6c123000 	C:\Windows\system32\rsaenh.dll
0x00007ffd6c7f0000 - 0x00007ffd6c815000 	C:\Windows\SYSTEM32\bcrypt.dll
0x00007ffd6cc20000 - 0x00007ffd6cc48000 	C:\Windows\SYSTEM32\USERENV.dll
0x00007ffd6c6e0000 - 0x00007ffd6c6eb000 	C:\Windows\SYSTEM32\CRYPTBASE.dll
0x00007ffd6c290000 - 0x00007ffd6c2c8000 	C:\Windows\SYSTEM32\IPHLPAPI.DLL
0x00007ffd6e600000 - 0x00007ffd6e608000 	C:\Windows\System32\NSI.dll
0x00007ffd64eb0000 - 0x00007ffd64ec6000 	C:\Windows\SYSTEM32\dhcpcsvc6.DLL
0x00007ffd64fa0000 - 0x00007ffd64fba000 	C:\Windows\SYSTEM32\dhcpcsvc.DLL
0x00007ffd5c7e0000 - 0x00007ffd5c7f1000 	D:\android\android-studio\jre\jre\bin\nio.dll
0x00007ffd5c1c0000 - 0x00007ffd5c1e4000 	D:\android\android-studio\jre\jre\bin\sunec.dll
0x00007ffd656f0000 - 0x00007ffd656fb000 	D:\android\android-studio\jre\jre\bin\sunmscapi.dll
0x00007ffd6d5c0000 - 0x00007ffd6d7a2000 	C:\Windows\System32\CRYPT32.dll
0x00007ffd6cd90000 - 0x00007ffd6cda2000 	C:\Windows\System32\MSASN1.dll

VM Arguments:
jvm_args: -ea -Didea.test.cyclic.buffer.size=1048576 -javaagent:D:\android\android-studio\lib\idea_rt.jar=60435:D:\android\android-studio\bin -Dfile.encoding=UTF-8 
java_command: com.intellij.rt.execution.junit.JUnitStarter -ideVersion5 -junit4 com.axlecho.api.BangumiApiTest
java_class_path (initial): D:\android\android-studio\lib\idea_rt.jar;D:\android\android-studio\plugins\junit\lib\junit-rt.jar;D:\android\android-studio\plugins\junit\lib\junit5-rt.jar;D:\android\android-sdk\platforms\android-28\data\res;D:\repo\manhuaguiapi\api\build\intermediates\javac\debug\compileDebugJavaWithJavac\classes;D:\repo\manhuaguiapi\api\build\tmp\kotlin-classes\debugUnitTest;D:\repo\manhuaguiapi\api\build\intermediates\unit_test_config_directory\debugUnitTest\generateDebugUnitTestConfig\out;D:\repo\manhuaguiapi\api\build\tmp\kotlin-classes\debug;D:\repo\manhuaguiapi\api\build\generated\res\rs\debug;D:\repo\manhuaguiapi\api\build\generated\res\resValues\debug;C:\Users\axlecho\.gradle\caches\modules-2\files-2.1\backport-util-concurrent\backport-util-concurrent\3.1\682f7ac17fed79e92f8e87d8455192b63376347b\backport-util-concurrent-3.1.jar;C:\Users\axlecho\.gradle\caches\transforms-1\files-1.1\monitor-1.1.1.aar\3cffeda61ff44c7f693b3025d0634099\jars\classes.jar;C:\Users\axlecho\.gradle\caches\modules-2\files-2.1\io.reactivex.rxjava2\rxjava\2.2.0\2c622e8f1cab8d5871d32bb2023af515216056d8\rxjava-2.2.0.jar;C:\Users\axlecho\.gradle\caches\modules-2\files-2.1\org.apache.maven\maven-error-diagnostics\2.2.1\e81bb342d7d172f23d108dc8fa979a1facdcde8e\maven-error-diagnostics-2.2.1.jar;C:\Users\axlecho\.gradle\caches\modules-2\files-2.1\org.jetbrains.kotlin\kotlin-android-extensions-runtime\1.2.71\60ef1c409203739f498f56462a09b15e60c6fa78\kotlin-android-extensions-runtime-1.2.71.jar;C:\Users\axlecho\.gradle\caches\modules-2\files-2.1\org.robolectric\robolectric\4.1\c323469e137aa9353b822ab2704936a6865def89\robolectric-4.1.jar;C:\Users\axlecho\.gradle\caches\modules-2\files-2.1\org.ow2.asm\asm-tree\7.0\29bc62dcb85573af6e62e5b2d735ef65966c4180\asm-tree-7.0.jar;C:\Users\axlecho\.gradle\caches\modules-2\files-2.1\org.robolectric\annotations\4.1\ecb95adf35528c498467da094d0290355516c7ec\annotations-4.1.jar;C:\Users\axlecho\.gradle\caches\modules-2\files-2.1\org.jetbrains.kotli
Launcher Type: SUN_STANDARD

Environment Variables:
PATH=C:\ProgramData\Oracle\Java\javapath;C:\Program Files\Python27\;C:\Program Files\Python27\Scripts;C:\Program Files (x86)\Intel\iCLS Client\;C:\Program Files\Intel\iCLS Client\;C:\Windows\system32;C:\Windows;C:\Windows\System32\Wbem;C:\Windows\System32\WindowsPowerShell\v1.0\;C:\Windows\System32\OpenSSH\;C:\Program Files\adb;C:\Program Files\nodejs\;C:\Program Files\Git\cmd;C:\Program Files\Git\mingw64\bin;C:\Program Files\Git\usr\bin;C:\Users\axlecho\.gradle\wrapper\dists\gradle-5.4-all\9q7zx9z650v1spbt032ijbiwh\gradle-5.4\bin;C:\Users\axlecho\AppData\Local\Microsoft\WindowsApps;C:\Users\axlecho\AppData\Roaming\npm;C:\Program Files\Fiddler
USERNAME=axlecho
OS=Windows_NT
PROCESSOR_IDENTIFIER=Intel64 Family 6 Model 69 Stepping 1, GenuineIntel



---------------  S Y S T E M  ---------------

OS: Windows 10.0 , 64 bit Build 17134 (10.0.17134.706)

CPU:total 4 (initial active 4) (2 cores per cpu, 2 threads per core) family 6 model 69 stepping 1, cmov, cx8, fxsr, mmx, sse, sse2, sse3, ssse3, sse4.1, sse4.2, popcnt, avx, avx2, aes, clmul, erms, lzcnt, ht, tsc, tscinvbit, bmi1, bmi2

Memory: 4k page, physical 4133132k(86412k free), swap 12189576k(1016k free)

vm_info: OpenJDK 64-Bit Server VM (25.152-b01) for windows-amd64 JRE (1.8.0_152-release-1343-b01), built by "builder" with MS VC++ 10.0 (VS2010)

time: Tue May 07 13:35:12 2019
elapsed time: 28 seconds (0d 0h 0m 28s)

