#
# There is insufficient memory for the Java Runtime Environment to continue.
# Native memory allocation (malloc) failed to allocate 32744 bytes for ChunkPool::allocate
# Possible reasons:
#   The system is out of physical RAM or swap space
#   In 32 bit mode, the process size limit was hit
# Possible solutions:
#   Reduce memory load on the system
#   Increase physical memory or swap space
#   Check if swap backing store is full
#   Use 64 bit Java on a 64 bit OS
#   Decrease Java heap size (-Xmx/-Xms)
#   Decrease number of Java threads
#   Decrease Java thread stack sizes (-Xss)
#   Set larger code cache with -XX:ReservedCodeCacheSize=
# This output file may be truncated or incomplete.
#
#  Out of Memory Error (allocation.cpp:273), pid=3824, tid=0x0000000000003668
#
# JRE version: OpenJDK Runtime Environment (8.0_152-b01) (build 1.8.0_152-release-1343-b01)
# Java VM: OpenJDK 64-Bit Server VM (25.152-b01 mixed mode windows-amd64 compressed oops)
# Failed to write core dump. Minidumps are not enabled by default on client versions of Windows
#

---------------  T H R E A D  ---------------

Current thread (0x0000000016d02800):  JavaThread "C2 CompilerThread0" daemon [_thread_in_native, id=13928, stack(0x00000000173d0000,0x00000000174d0000)]

Stack: [0x00000000173d0000,0x00000000174d0000]
[error occurred during error reporting (printing stack bounds), id 0xc0000005]

Native frames: (J=compiled Java code, j=interpreted, Vv=VM code, C=native code)


Current CompileTask:
C2:  29434 4342       4       org.bouncycastle.asn1.ASN1InputStream::buildObject (277 bytes)


---------------  P R O C E S S  ---------------

Java Threads: ( => current thread )
  0x0000000016d67000 JavaThread "Service Thread" daemon [_thread_blocked, id=10792, stack(0x00000000176d0000,0x00000000177d0000)]
  0x0000000016d65000 JavaThread "C1 CompilerThread2" daemon [_thread_in_vm, id=14472, stack(0x00000000175d0000,0x00000000176d0000)]
  0x0000000016d5a000 JavaThread "C2 CompilerThread1" daemon [_thread_in_native, id=17004, stack(0x00000000174d0000,0x00000000175d0000)]
=>0x0000000016d02800 JavaThread "C2 CompilerThread0" daemon [_thread_in_native, id=13928, stack(0x00000000173d0000,0x00000000174d0000)]
  0x0000000016d00000 JavaThread "Monitor Ctrl-Break" daemon [_thread_in_native, id=12996, stack(0x00000000172d0000,0x00000000173d0000)]
  0x00000000159de800 JavaThread "Attach Listener" daemon [_thread_blocked, id=15632, stack(0x00000000171d0000,0x00000000172d0000)]
  0x0000000015993000 JavaThread "Signal Dispatcher" daemon [_thread_blocked, id=13144, stack(0x00000000170d0000,0x00000000171d0000)]
  0x000000001596f000 JavaThread "Finalizer" daemon [_thread_blocked, id=8408, stack(0x0000000016bd0000,0x0000000016cd0000)]
  0x0000000015948800 JavaThread "Reference Handler" daemon [_thread_blocked, id=10576, stack(0x0000000016ad0000,0x0000000016bd0000)]
  0x0000000003237000 JavaThread "main" [_thread_in_vm, id=16716, stack(0x0000000003010000,0x0000000003110000)]

Other Threads:
  0x0000000015946800 VMThread [stack: 0x00000000169d0000,0x0000000016ad0000] [id=6456]
  0x0000000016d68000 WatcherThread [stack: 0x00000000177d0000,0x00000000178d0000] [id=16452]

VM state:not at safepoint (normal execution)

VM Mutex/Monitor currently owned by a thread: None

Heap:
 PSYoungGen      total 221696K, used 44809K [0x00000000eaf80000, 0x00000000fa980000, 0x0000000100000000)
  eden space 203264K, 12% used [0x00000000eaf80000,0x00000000ec947af8,0x00000000f7600000)
  from space 18432K, 99% used [0x00000000f7600000,0x00000000f87fa9a0,0x00000000f8800000)
  to   space 26112K, 0% used [0x00000000f9000000,0x00000000f9000000,0x00000000fa980000)
 ParOldGen       total 73728K, used 58824K [0x00000000c0e00000, 0x00000000c5600000, 0x00000000eaf80000)
  object space 73728K, 79% used [0x00000000c0e00000,0x00000000c4772290,0x00000000c5600000)
 Metaspace       used 31670K, capacity 33434K, committed 33536K, reserved 1079296K
  class space    used 3186K, capacity 3830K, committed 3840K, reserved 1048576K

Card table byte_map: [0x00000000126f0000,0x00000000128f0000] byte_map_base: 0x00000000120e9000

Marking Bits: (ParMarkBitMap*) 0x0000000072635aa0
 Begin Bits: [0x0000000012e50000, 0x0000000013e18000)
 End Bits:   [0x0000000013e18000, 0x0000000014de0000)

Polling page: 0x0000000000ea0000

CodeCache: size=245760Kb used=13469Kb max_used=14238Kb free=232290Kb
 bounds [0x0000000003330000, 0x0000000004120000, 0x0000000012330000]
 total_blobs=4315 nmethods=3731 adapters=497
 compilation: enabled

Compilation events (10 events):
Event: 29.424 Thread 0x0000000016d65000 nmethod 4335 0x0000000003621590 code [0x0000000003621860, 0x0000000003622f68]
Event: 29.424 Thread 0x0000000016d65000 4337       3       org.bouncycastle.asn1.DEROctetStringParser::getLoadedObject (15 bytes)
Event: 29.425 Thread 0x0000000016d65000 nmethod 4337 0x0000000003620bd0 code [0x0000000003620d80, 0x0000000003621298]
Event: 29.425 Thread 0x0000000016d65000 4338       3       org.bouncycastle.asn1.x509.Extension::getInstance (30 bytes)
Event: 29.425 Thread 0x0000000016d02800 nmethod 4336 0x0000000003cab9d0 code [0x0000000003cabb20, 0x0000000003cabbf8]
Event: 29.425 Thread 0x0000000016d02800 4342       4       org.bouncycastle.asn1.ASN1InputStream::buildObject (277 bytes)
Event: 29.425 Thread 0x0000000016d65000 nmethod 4338 0x00000000036204d0 code [0x0000000003620660, 0x0000000003620ad8]
Event: 29.425 Thread 0x0000000016d65000 4339       3       org.bouncycastle.asn1.x509.Extension::<init> (125 bytes)
Event: 29.426 Thread 0x0000000016d65000 nmethod 4339 0x00000000039ac210 code [0x00000000039ac4e0, 0x00000000039ad6a8]
Event: 29.426 Thread 0x0000000016d65000 4346       3       org.bouncycastle.asn1.ASN1ObjectIdentifier::<init> (273 bytes)

GC Heap History (10 events):
Event: 15.541 GC heap before
{Heap before GC invocations=10 (full 1):
 PSYoungGen      total 137728K, used 6656K [0x00000000eaf80000, 0x00000000f9d80000, 0x0000000100000000)
  eden space 131072K, 0% used [0x00000000eaf80000,0x00000000eaf80000,0x00000000f2f80000)
  from space 6656K, 100% used [0x00000000f2f80000,0x00000000f3600000,0x00000000f3600000)
  to   space 16896K, 0% used [0x00000000f8d00000,0x00000000f8d00000,0x00000000f9d80000)
 ParOldGen       total 44032K, used 35291K [0x00000000c0e00000, 0x00000000c3900000, 0x00000000eaf80000)
  object space 44032K, 80% used [0x00000000c0e00000,0x00000000c3076ed8,0x00000000c3900000)
 Metaspace       used 19067K, capacity 19938K, committed 20224K, reserved 1067008K
  class space    used 1952K, capacity 2293K, committed 2304K, reserved 1048576K
Event: 16.086 GC heap after
Heap after GC invocations=10 (full 1):
 PSYoungGen      total 137728K, used 0K [0x00000000eaf80000, 0x00000000f9d80000, 0x0000000100000000)
  eden space 131072K, 0% used [0x00000000eaf80000,0x00000000eaf80000,0x00000000f2f80000)
  from space 6656K, 0% used [0x00000000f2f80000,0x00000000f2f80000,0x00000000f3600000)
  to   space 16896K, 0% used [0x00000000f8d00000,0x00000000f8d00000,0x00000000f9d80000)
 ParOldGen       total 73728K, used 35656K [0x00000000c0e00000, 0x00000000c5600000, 0x00000000eaf80000)
  object space 73728K, 48% used [0x00000000c0e00000,0x00000000c30d2248,0x00000000c5600000)
 Metaspace       used 19067K, capacity 19938K, committed 20224K, reserved 1067008K
  class space    used 1952K, capacity 2293K, committed 2304K, reserved 1048576K
}
Event: 21.653 GC heap before
{Heap before GC invocations=11 (full 1):
 PSYoungGen      total 137728K, used 131072K [0x00000000eaf80000, 0x00000000f9d80000, 0x0000000100000000)
  eden space 131072K, 100% used [0x00000000eaf80000,0x00000000f2f80000,0x00000000f2f80000)
  from space 6656K, 0% used [0x00000000f2f80000,0x00000000f2f80000,0x00000000f3600000)
  to   space 16896K, 0% used [0x00000000f8d00000,0x00000000f8d00000,0x00000000f9d80000)
 ParOldGen       total 73728K, used 35656K [0x00000000c0e00000, 0x00000000c5600000, 0x00000000eaf80000)
  object space 73728K, 48% used [0x00000000c0e00000,0x00000000c30d2248,0x00000000c5600000)
 Metaspace       used 19235K, capacity 20066K, committed 20224K, reserved 1067008K
  class space    used 1953K, capacity 2293K, committed 2304K, reserved 1048576K
Event: 21.749 GC heap after
Heap after GC invocations=11 (full 1):
 PSYoungGen      total 176640K, used 13152K [0x00000000eaf80000, 0x00000000f9a00000, 0x0000000100000000)
  eden space 163328K, 0% used [0x00000000eaf80000,0x00000000eaf80000,0x00000000f4f00000)
  from space 13312K, 98% used [0x00000000f8d00000,0x00000000f99d8000,0x00000000f9a00000)
  to   space 18432K, 0% used [0x00000000f7600000,0x00000000f7600000,0x00000000f8800000)
 ParOldGen       total 73728K, used 35664K [0x00000000c0e00000, 0x00000000c5600000, 0x00000000eaf80000)
  object space 73728K, 48% used [0x00000000c0e00000,0x00000000c30d4248,0x00000000c5600000)
 Metaspace       used 19235K, capacity 20066K, committed 20224K, reserved 1067008K
  class space    used 1953K, capacity 2293K, committed 2304K, reserved 1048576K
}
Event: 23.471 GC heap before
{Heap before GC invocations=12 (full 1):
 PSYoungGen      total 176640K, used 176480K [0x00000000eaf80000, 0x00000000f9a00000, 0x0000000100000000)
  eden space 163328K, 100% used [0x00000000eaf80000,0x00000000f4f00000,0x00000000f4f00000)
  from space 13312K, 98% used [0x00000000f8d00000,0x00000000f99d8000,0x00000000f9a00000)
  to   space 18432K, 0% used [0x00000000f7600000,0x00000000f7600000,0x00000000f8800000)
 ParOldGen       total 73728K, used 35664K [0x00000000c0e00000, 0x00000000c5600000, 0x00000000eaf80000)
  object space 73728K, 48% used [0x00000000c0e00000,0x00000000c30d4248,0x00000000c5600000)
 Metaspace       used 19563K, capacity 20410K, committed 20480K, reserved 1067008K
  class space    used 1989K, capacity 2299K, committed 2304K, reserved 1048576K
Event: 23.517 GC heap after
Heap after GC invocations=12 (full 1):
 PSYoungGen      total 221696K, used 18416K [0x00000000eaf80000, 0x00000000fa980000, 0x0000000100000000)
  eden space 203264K, 0% used [0x00000000eaf80000,0x00000000eaf80000,0x00000000f7600000)
  from space 18432K, 99% used [0x00000000f7600000,0x00000000f87fc030,0x00000000f8800000)
  to   space 26112K, 0% used [0x00000000f9000000,0x00000000f9000000,0x00000000fa980000)
 ParOldGen       total 73728K, used 48624K [0x00000000c0e00000, 0x00000000c5600000, 0x00000000eaf80000)
  object space 73728K, 65% used [0x00000000c0e00000,0x00000000c3d7c308,0x00000000c5600000)
 Metaspace       used 19563K, capacity 20410K, committed 20480K, reserved 1067008K
  class space    used 1989K, capacity 2299K, committed 2304K, reserved 1048576K
}
Event: 26.371 GC heap before
{Heap before GC invocations=13 (full 1):
 PSYoungGen      total 221696K, used 221680K [0x00000000eaf80000, 0x00000000fa980000, 0x0000000100000000)
  eden space 203264K, 100% used [0x00000000eaf80000,0x00000000f7600000,0x00000000f7600000)
  from space 18432K, 99% used [0x00000000f7600000,0x00000000f87fc030,0x00000000f8800000)
  to   space 26112K, 0% used [0x00000000f9000000,0x00000000f9000000,0x00000000fa980000)
 ParOldGen       total 73728K, used 48624K [0x00000000c0e00000, 0x00000000c5600000, 0x00000000eaf80000)
  object space 73728K, 65% used [0x00000000c0e00000,0x00000000c3d7c308,0x00000000c5600000)
 Metaspace       used 24731K, capacity 26120K, committed 26368K, reserved 1073152K
  class space    used 2451K, capacity 2949K, committed 3072K, reserved 1048576K
Event: 26.405 GC heap after
Heap after GC invocations=13 (full 1):
 PSYoungGen      total 229376K, used 17986K [0x00000000eaf80000, 0x00000000fa980000, 0x0000000100000000)
  eden space 203264K, 0% used [0x00000000eaf80000,0x00000000eaf80000,0x00000000f7600000)
  from space 26112K, 68% used [0x00000000f9000000,0x00000000fa190858,0x00000000fa980000)
  to   space 18432K, 0% used [0x00000000f7600000,0x00000000f7600000,0x00000000f8800000)
 ParOldGen       total 73728K, used 54887K [0x00000000c0e00000, 0x00000000c5600000, 0x00000000eaf80000)
  object space 73728K, 74% used [0x00000000c0e00000,0x00000000c4399d10,0x00000000c5600000)
 Metaspace       used 24731K, capacity 26120K, committed 26368K, reserved 1073152K
  class space    used 2451K, capacity 2949K, committed 3072K, reserved 1048576K
}
Event: 28.952 GC heap before
{Heap before GC invocations=14 (full 1):
 PSYoungGen      total 229376K, used 221250K [0x00000000eaf80000, 0x00000000fa980000, 0x0000000100000000)
  eden space 203264K, 100% used [0x00000000eaf80000,0x00000000f7600000,0x00000000f7600000)
  from space 26112K, 68% used [0x00000000f9000000,0x00000000fa190858,0x00000000fa980000)
  to   space 18432K, 0% used [0x00000000f7600000,0x00000000f7600000,0x00000000f8800000)
 ParOldGen       total 73728K, used 54887K [0x00000000c0e00000, 0x00000000c5600000, 0x00000000eaf80000)
  object space 73728K, 74% used [0x00000000c0e00000,0x00000000c4399d10,0x00000000c5600000)
 Metaspace       used 30722K, capacity 32566K, committed 32768K, reserved 1079296K
  class space    used 3088K, capacity 3734K, committed 3840K, reserved 1048576K
Event: 28.982 GC heap after
Heap after GC invocations=14 (full 1):
 PSYoungGen      total 221696K, used 18410K [0x00000000eaf80000, 0x00000000fa980000, 0x0000000100000000)
  eden space 203264K, 0% used [0x00000000eaf80000,0x00000000eaf80000,0x00000000f7600000)
  from space 18432K, 99% used [0x00000000f7600000,0x00000000f87fa9a0,0x00000000f8800000)
  to   space 26112K, 0% used [0x00000000f9000000,0x00000000f9000000,0x00000000fa980000)
 ParOldGen       total 73728K, used 58824K [0x00000000c0e00000, 0x00000000c5600000, 0x00000000eaf80000)
  object space 73728K, 79% used [0x00000000c0e00000,0x00000000c4772290,0x00000000c5600000)
 Metaspace       used 30722K, capacity 32566K, committed 32768K, reserved 1079296K
  class space    used 3088K, capacity 3734K, committed 3840K, reserved 1048576K
}

Deoptimization events (10 events):
Event: 28.896 Thread 0x0000000003237000 Uncommon trap: reason=bimorphic action=maybe_recompile pc=0x00000000036d0a2c method=java.util.Hashtable.get(Ljava/lang/Object;)Ljava/lang/Object; @ 6
Event: 28.897 Thread 0x0000000003237000 Uncommon trap: reason=bimorphic action=maybe_recompile pc=0x00000000036d0a2c method=java.util.Hashtable.get(Ljava/lang/Object;)Ljava/lang/Object; @ 6
Event: 28.925 Thread 0x0000000003237000 Uncommon trap: reason=unstable_if action=reinterpret pc=0x0000000003eef4bc method=java.io.BufferedInputStream.fill()V @ 9
Event: 29.095 Thread 0x0000000003237000 Uncommon trap: reason=unstable_if action=reinterpret pc=0x0000000003db28bc method=java.util.regex.Pattern.compile()V @ 126
Event: 29.236 Thread 0x0000000003237000 Uncommon trap: reason=unstable_if action=reinterpret pc=0x0000000003c17940 method=java.util.zip.ZipCoder.decoder()Ljava/nio/charset/CharsetDecoder; @ 4
Event: 29.238 Thread 0x0000000003237000 Uncommon trap: reason=unstable_if action=reinterpret pc=0x0000000003706dd0 method=java.lang.String.regionMatches(ZILjava/lang/String;II)Z @ 123
Event: 29.238 Thread 0x0000000003237000 Uncommon trap: reason=unstable_if action=reinterpret pc=0x00000000035d28d0 method=java.lang.String.regionMatches(ZILjava/lang/String;II)Z @ 123
Event: 29.239 Thread 0x0000000003237000 Uncommon trap: reason=unstable_if action=reinterpret pc=0x0000000003bfe29c method=java.util.zip.ZipFile$ZipEntryIterator.hasNext()Z @ 25
Event: 29.261 Thread 0x0000000003237000 Uncommon trap: reason=unstable_if action=reinterpret pc=0x0000000003c1537c method=java.util.zip.ZipCoder.decoder()Ljava/nio/charset/CharsetDecoder; @ 4
Event: 29.264 Thread 0x0000000003237000 Uncommon trap: reason=bimorphic action=maybe_recompile pc=0x00000000035ec6ec method=java.net.URL.<init>(Ljava/net/URL;Ljava/lang/String;Ljava/net/URLStreamHandler;)V @ 504

Classes redefined (0 events):
No events

Internal exceptions (10 events):
Event: 23.225 Thread 0x0000000003237000 Implicit null exception at 0x0000000003f1d336 to 0x0000000003f1e3b1
Event: 23.247 Thread 0x0000000003237000 Implicit null exception at 0x0000000003e217c0 to 0x0000000003e23965
Event: 23.325 Thread 0x0000000003237000 Implicit null exception at 0x0000000003c40078 to 0x0000000003c40181
Event: 24.899 Thread 0x0000000003237000 Exception <a 'java/io/FileNotFoundException'> (0x00000000f142bee0) thrown at [D:\src\AOSP-openjdk-cygwin\jdk8u\hotspot\src\share\vm\prims\jni.cpp, line 709]
Event: 25.639 Thread 0x0000000003237000 Exception <a 'java/lang/NoSuchFieldError': method resolution failed> (0x00000000f28c5778) thrown at [D:\src\AOSP-openjdk-cygwin\jdk8u\hotspot\src\share\vm\prims\methodHandles.cpp, line 1167]
Event: 28.221 Thread 0x0000000003237000 Exception <a 'sun/nio/fs/WindowsException'> (0x00000000f3d0f388) thrown at [D:\src\AOSP-openjdk-cygwin\jdk8u\hotspot\src\share\vm\prims\jni.cpp, line 709]
Event: 29.236 Thread 0x0000000003237000 Implicit null exception at 0x0000000003c16eb7 to 0x0000000003c17921
Event: 29.260 Thread 0x0000000003237000 Implicit null exception at 0x0000000003c1497f to 0x0000000003c15341
Event: 29.355 Thread 0x0000000003237000 Exception <a 'java/lang/reflect/InvocationTargetException'> (0x00000000ec122240) thrown at [D:\src\AOSP-openjdk-cygwin\jdk8u\hotspot\src\share\vm\runtime\reflection.cpp, line 1092]
Event: 29.428 Thread 0x0000000003237000 Exception <a 'java/lang/OutOfMemoryError'> (0x00000000ec780e80) thrown at [D:\src\AOSP-openjdk-cygwin\jdk8u\hotspot\src\share\vm\prims\jni.cpp, line 735]

Events (10 events):
Event: 29.398 loading class com/axlecho/api/bangumi/BangumiNetwork
Event: 29.398 loading class com/axlecho/api/bangumi/BangumiNetwork done
Event: 29.401 loading class retrofit2/Retrofit$1
Event: 29.401 loading class retrofit2/Retrofit$1 done
Event: 29.402 loading class io/reactivex/Observable
Event: 29.402 loading class io/reactivex/Observable done
Event: 29.416 loading class io/reactivex/ObservableSource
Event: 29.416 loading class io/reactivex/ObservableSource done
Event: 29.422 loading class kotlin/jvm/internal/Intrinsics
Event: 29.422 loading class kotlin/jvm/internal/Intrinsics done


Dynamic libraries:
0x00007ff6196e0000 - 0x00007ff619711000 	D:\android\android-studio\jre\bin\java.exe
0x00007ffd709e0000 - 0x00007ffd70bc1000 	C:\Windows\SYSTEM32\ntdll.dll
0x00007ffd6fbe0000 - 0x00007ffd6fc91000 	C:\Windows\System32\KERNEL32.DLL
0x00007ffd6d9e0000 - 0x00007ffd6dc53000 	C:\Windows\System32\KERNELBASE.dll
0x00007ffd6fcb0000 - 0x00007ffd6fd51000 	C:\Windows\System32\ADVAPI32.dll
0x00007ffd6e390000 - 0x00007ffd6e42e000 	C:\Windows\System32\msvcrt.dll
0x00007ffd70790000 - 0x00007ffd707eb000 	C:\Windows\System32\sechost.dll
0x00007ffd702d0000 - 0x00007ffd703f4000 	C:\Windows\System32\RPCRT4.dll
0x00007ffd6fa50000 - 0x00007ffd6fbe0000 	C:\Windows\System32\USER32.dll
0x00007ffd6de00000 - 0x00007ffd6de20000 	C:\Windows\System32\win32u.dll
0x00007ffd6e300000 - 0x00007ffd6e328000 	C:\Windows\System32\GDI32.dll
0x00007ffd6dc60000 - 0x00007ffd6ddf2000 	C:\Windows\System32\gdi32full.dll
0x00007ffd6d7b0000 - 0x00007ffd6d84f000 	C:\Windows\System32\msvcp_win.dll
0x00007ffd6cdb0000 - 0x00007ffd6cea8000 	C:\Windows\System32\ucrtbase.dll
0x00007ffd5eec0000 - 0x00007ffd5f129000 	C:\Windows\WinSxS\amd64_microsoft.windows.common-controls_6595b64144ccf1df_6.0.17134.706_none_fb43a2cb30647007\COMCTL32.dll
0x00007ffd70400000 - 0x00007ffd70722000 	C:\Windows\System32\combase.dll
0x00007ffd6d960000 - 0x00007ffd6d9da000 	C:\Windows\System32\bcryptPrimitives.dll
0x00007ffd6e5d0000 - 0x00007ffd6e5fd000 	C:\Windows\System32\IMM32.DLL
0x0000000071cb0000 - 0x0000000071d82000 	D:\android\android-studio\jre\jre\bin\msvcr100.dll
0x0000000071e70000 - 0x00000000726b1000 	D:\android\android-studio\jre\jre\bin\server\jvm.dll
0x00007ffd6fca0000 - 0x00007ffd6fca8000 	C:\Windows\System32\PSAPI.DLL
0x00007ffd65a80000 - 0x00007ffd65a89000 	C:\Windows\SYSTEM32\WSOCK32.dll
0x00007ffd70850000 - 0x00007ffd708bc000 	C:\Windows\System32\WS2_32.dll
0x00007ffd6aa70000 - 0x00007ffd6aa93000 	C:\Windows\SYSTEM32\WINMM.dll
0x00007ffd5b5b0000 - 0x00007ffd5b5ba000 	C:\Windows\SYSTEM32\VERSION.dll
0x00007ffd6aa40000 - 0x00007ffd6aa6a000 	C:\Windows\SYSTEM32\WINMMBASE.dll
0x00007ffd6de20000 - 0x00007ffd6de69000 	C:\Windows\System32\cfgmgr32.dll
0x00007ffd656d0000 - 0x00007ffd656df000 	D:\android\android-studio\jre\jre\bin\verify.dll
0x00007ffd647c0000 - 0x00007ffd647e9000 	D:\android\android-studio\jre\jre\bin\java.dll
0x00007ffd65650000 - 0x00007ffd65673000 	D:\android\android-studio\jre\jre\bin\instrument.dll
0x00007ffd63f60000 - 0x00007ffd63f76000 	D:\android\android-studio\jre\jre\bin\zip.dll
0x00007ffd6e610000 - 0x00007ffd6fa50000 	C:\Windows\System32\SHELL32.dll
0x00007ffd6e010000 - 0x00007ffd6e0b9000 	C:\Windows\System32\shcore.dll
0x00007ffd6ceb0000 - 0x00007ffd6d5bd000 	C:\Windows\System32\windows.storage.dll
0x00007ffd6e330000 - 0x00007ffd6e381000 	C:\Windows\System32\shlwapi.dll
0x00007ffd6cd70000 - 0x00007ffd6cd81000 	C:\Windows\System32\kernel.appcore.dll
0x00007ffd6ccf0000 - 0x00007ffd6cd0f000 	C:\Windows\System32\profapi.dll
0x00007ffd6cd20000 - 0x00007ffd6cd6c000 	C:\Windows\System32\powrprof.dll
0x00007ffd6cd10000 - 0x00007ffd6cd1a000 	C:\Windows\System32\FLTLIB.DLL
0x00007ffd69410000 - 0x00007ffd6942a000 	D:\android\android-studio\bin\breakgen64.dll
0x00007ffd5e320000 - 0x00007ffd5e33a000 	D:\android\android-studio\jre\jre\bin\net.dll
0x00007ffd6c510000 - 0x00007ffd6c576000 	C:\Windows\system32\mswsock.dll
0x00007ffd6c6c0000 - 0x00007ffd6c6d7000 	C:\Windows\SYSTEM32\CRYPTSP.dll
0x00007ffd6c0f0000 - 0x00007ffd6c123000 	C:\Windows\system32\rsaenh.dll
0x00007ffd6c7f0000 - 0x00007ffd6c815000 	C:\Windows\SYSTEM32\bcrypt.dll
0x00007ffd6cc20000 - 0x00007ffd6cc48000 	C:\Windows\SYSTEM32\USERENV.dll
0x00007ffd6c6e0000 - 0x00007ffd6c6eb000 	C:\Windows\SYSTEM32\CRYPTBASE.dll
0x00007ffd6c290000 - 0x00007ffd6c2c8000 	C:\Windows\SYSTEM32\IPHLPAPI.DLL
0x00007ffd6e600000 - 0x00007ffd6e608000 	C:\Windows\System32\NSI.dll
0x00007ffd64eb0000 - 0x00007ffd64ec6000 	C:\Windows\SYSTEM32\dhcpcsvc6.DLL
0x00007ffd64fa0000 - 0x00007ffd64fba000 	C:\Windows\SYSTEM32\dhcpcsvc.DLL
0x00007ffd5c7e0000 - 0x00007ffd5c7f1000 	D:\android\android-studio\jre\jre\bin\nio.dll
0x00007ffd5c1c0000 - 0x00007ffd5c1e4000 	D:\android\android-studio\jre\jre\bin\sunec.dll
0x00007ffd656f0000 - 0x00007ffd656fb000 	D:\android\android-studio\jre\jre\bin\sunmscapi.dll
0x00007ffd6d5c0000 - 0x00007ffd6d7a2000 	C:\Windows\System32\CRYPT32.dll
0x00007ffd6cd90000 - 0x00007ffd6cda2000 	C:\Windows\System32\MSASN1.dll

VM Arguments:
jvm_args: -ea -Didea.test.cyclic.buffer.size=1048576 -javaagent:D:\android\android-studio\lib\idea_rt.jar=60385:D:\android\android-studio\bin -Dfile.encoding=UTF-8 
java_command: com.intellij.rt.execution.junit.JUnitStarter -ideVersion5 -junit4 com.axlecho.api.BangumiApiTest
java_class_path (initial): D:\android\android-studio\lib\idea_rt.jar;D:\android\android-studio\plugins\junit\lib\junit-rt.jar;D:\android\android-studio\plugins\junit\lib\junit5-rt.jar;D:\android\android-sdk\platforms\android-28\data\res;D:\repo\manhuaguiapi\api\build\intermediates\javac\debug\compileDebugJavaWithJavac\classes;D:\repo\manhuaguiapi\api\build\tmp\kotlin-classes\debugUnitTest;D:\repo\manhuaguiapi\api\build\intermediates\unit_test_config_directory\debugUnitTest\generateDebugUnitTestConfig\out;D:\repo\manhuaguiapi\api\build\tmp\kotlin-classes\debug;D:\repo\manhuaguiapi\api\build\generated\res\rs\debug;D:\repo\manhuaguiapi\api\build\generated\res\resValues\debug;C:\Users\axlecho\.gradle\caches\modules-2\files-2.1\backport-util-concurrent\backport-util-concurrent\3.1\682f7ac17fed79e92f8e87d8455192b63376347b\backport-util-concurrent-3.1.jar;C:\Users\axlecho\.gradle\caches\transforms-1\files-1.1\monitor-1.1.1.aar\3cffeda61ff44c7f693b3025d0634099\jars\classes.jar;C:\Users\axlecho\.gradle\caches\modules-2\files-2.1\io.reactivex.rxjava2\rxjava\2.2.0\2c622e8f1cab8d5871d32bb2023af515216056d8\rxjava-2.2.0.jar;C:\Users\axlecho\.gradle\caches\modules-2\files-2.1\org.apache.maven\maven-error-diagnostics\2.2.1\e81bb342d7d172f23d108dc8fa979a1facdcde8e\maven-error-diagnostics-2.2.1.jar;C:\Users\axlecho\.gradle\caches\modules-2\files-2.1\org.jetbrains.kotlin\kotlin-android-extensions-runtime\1.2.71\60ef1c409203739f498f56462a09b15e60c6fa78\kotlin-android-extensions-runtime-1.2.71.jar;C:\Users\axlecho\.gradle\caches\modules-2\files-2.1\org.robolectric\robolectric\4.1\c323469e137aa9353b822ab2704936a6865def89\robolectric-4.1.jar;C:\Users\axlecho\.gradle\caches\modules-2\files-2.1\org.ow2.asm\asm-tree\7.0\29bc62dcb85573af6e62e5b2d735ef65966c4180\asm-tree-7.0.jar;C:\Users\axlecho\.gradle\caches\modules-2\files-2.1\org.robolectric\annotations\4.1\ecb95adf35528c498467da094d0290355516c7ec\annotations-4.1.jar;C:\Users\axlecho\.gradle\caches\modules-2\files-2.1\org.jetbrains.kotli
Launcher Type: SUN_STANDARD

Environment Variables:
PATH=C:\ProgramData\Oracle\Java\javapath;C:\Program Files\Python27\;C:\Program Files\Python27\Scripts;C:\Program Files (x86)\Intel\iCLS Client\;C:\Program Files\Intel\iCLS Client\;C:\Windows\system32;C:\Windows;C:\Windows\System32\Wbem;C:\Windows\System32\WindowsPowerShell\v1.0\;C:\Windows\System32\OpenSSH\;C:\Program Files\adb;C:\Program Files\nodejs\;C:\Program Files\Git\cmd;C:\Program Files\Git\mingw64\bin;C:\Program Files\Git\usr\bin;C:\Users\axlecho\.gradle\wrapper\dists\gradle-5.4-all\9q7zx9z650v1spbt032ijbiwh\gradle-5.4\bin;C:\Users\axlecho\AppData\Local\Microsoft\WindowsApps;C:\Users\axlecho\AppData\Roaming\npm;C:\Program Files\Fiddler
USERNAME=axlecho
OS=Windows_NT
PROCESSOR_IDENTIFIER=Intel64 Family 6 Model 69 Stepping 1, GenuineIntel



---------------  S Y S T E M  ---------------

OS: Windows 10.0 , 64 bit Build 17134 (10.0.17134.706)

CPU:total 4 (initial active 4) (2 cores per cpu, 2 threads per core) family 6 model 69 stepping 1, cmov, cx8, fxsr, mmx, sse, sse2, sse3, ssse3, sse4.1, sse4.2, popcnt, avx, avx2, aes, clmul, erms, lzcnt, ht, tsc, tscinvbit, bmi1, bmi2

Memory: 4k page, physical 4133132k(837376k free), swap 12189576k(4332k free)

vm_info: OpenJDK 64-Bit Server VM (25.152-b01) for windows-amd64 JRE (1.8.0_152-release-1343-b01), built by "builder" with MS VC++ 10.0 (VS2010)

time: Tue May 07 13:34:17 2019
elapsed time: 29 seconds (0d 0h 0m 29s)

